<?xml version="1.0" encoding="UTF-8"?>
<testng-results skipped="0" failed="0" ignored="0" total="5" passed="5">
  <reporter-output>
  </reporter-output>
  <suite name="Default suite" duration-ms="2383" started-at="2021-05-30T20:17:03Z" finished-at="2021-05-30T20:17:06Z">
    <groups>
    </groups>
    <test name="Default test" duration-ms="2383" started-at="2021-05-30T20:17:03Z" finished-at="2021-05-30T20:17:06Z">
      <class name="tests.CurrentWeatherTest">
        <test-method status="PASS" signature="negativeTestCorrectQueryTwoCityCrossSemicolon()[pri:0, instance:tests.CurrentWeatherTest@1fe20588]" name="negativeTestCorrectQueryTwoCityCrossSemicolon" duration-ms="1114" started-at="2021-05-30T20:17:03Z" finished-at="2021-05-30T20:17:04Z">
          <reporter-output>
          </reporter-output>
        </test-method> <!-- negativeTestCorrectQueryTwoCityCrossSemicolon -->
        <test-method status="PASS" signature="negativeTestNonExistantPlace()[pri:0, instance:tests.CurrentWeatherTest@1fe20588]" name="negativeTestNonExistantPlace" duration-ms="297" started-at="2021-05-30T20:17:04Z" finished-at="2021-05-30T20:17:05Z">
          <reporter-output>
          </reporter-output>
        </test-method> <!-- negativeTestNonExistantPlace -->
        <test-method status="PASS" signature="positiveTestValidQuery()[pri:0, instance:tests.CurrentWeatherTest@1fe20588]" name="positiveTestValidQuery" duration-ms="305" started-at="2021-05-30T20:17:05Z" finished-at="2021-05-30T20:17:05Z">
          <reporter-output>
          </reporter-output>
        </test-method> <!-- positiveTestValidQuery -->
        <test-method status="PASS" signature="positiveTestValidQueryAndPositiveOffset()[pri:0, instance:tests.CurrentWeatherTest@1fe20588]" name="positiveTestValidQueryAndPositiveOffset" duration-ms="413" started-at="2021-05-30T20:17:05Z" finished-at="2021-05-30T20:17:05Z">
          <reporter-output>
          </reporter-output>
        </test-method> <!-- positiveTestValidQueryAndPositiveOffset -->
        <test-method status="PASS" signature="positiveTestValidQueryTwoCitiesSpaceDivision()[pri:0, instance:tests.CurrentWeatherTest@1fe20588]" name="positiveTestValidQueryTwoCitiesSpaceDivision" duration-ms="236" started-at="2021-05-30T20:17:05Z" finished-at="2021-05-30T20:17:06Z">
          <reporter-output>
          </reporter-output>
        </test-method> <!-- positiveTestValidQueryTwoCitiesSpaceDivision -->
        <test-method status="PASS" signature="clean()[pri:0, instance:tests.CurrentWeatherTest@1fe20588]" name="clean" is-config="true" duration-ms="0" started-at="2021-05-30T20:17:06Z" finished-at="2021-05-30T20:17:06Z">
          <reporter-output>
          </reporter-output>
        </test-method> <!-- clean -->
      </class> <!-- tests.CurrentWeatherTest -->
    </test> <!-- Default test -->
  </suite> <!-- Default suite -->
</testng-results>
